This file contains any messages produced by compilers while
running configure, to aid debugging if configure makes a mistake.

It was created by Iperf configure 2.0.5, which was
generated by GNU Autoconf 2.65.  Invocation command line was

  $ ./configure --host=arm-linux-gnueabihf CXX=arm-linux-gnueabihf-g++ CXXFLAGS=-static CC=arm-linux-gnueabihf-gcc CFLAGS=-static

## --------- ##
## Platform. ##
## --------- ##

hostname = Gushan
uname -m = x86_64
uname -r = 3.13.0-37-generic
uname -s = Linux
uname -v = #64~precise1-Ubuntu SMP Wed Sep 24 21:37:11 UTC 2014

/usr/bin/uname -p = unknown
/bin/uname -X     = unknown

/bin/arch              = unknown
/usr/bin/arch -k       = unknown
/usr/convex/getsysinfo = unknown
/usr/bin/hostinfo      = unknown
/bin/machine           = unknown
/usr/bin/oslevel       = unknown
/bin/universe          = unknown

PATH: /usr/java/jdk1.6.0_45/bin
PATH: /usr/local/sbin
PATH: /usr/local/bin
PATH: /usr/sbin
PATH: /usr/bin
PATH: /sbin
PATH: /bin
PATH: /usr/games
PATH: /usr/java/jdk1.6.0_45/jre/bin


## ----------- ##
## Core tests. ##
## ----------- ##

configure:2486: checking for a BSD-compatible install
configure:2554: result: /usr/bin/install -c
configure:2565: checking whether build environment is sane
configure:2602: result: yes
configure:2664: checking for gawk
configure:2680: found /usr/bin/gawk
configure:2691: result: gawk
configure:2702: checking whether make sets $(MAKE)
configure:2724: result: yes
configure:2798: checking for arm-linux-gnueabihf-strip
configure:2828: result: no
configure:2838: checking for strip
configure:2854: found /usr/bin/strip
configure:2865: result: strip
configure:3084: checking for C++ compiler version
configure:3093: arm-linux-gnueabihf-g++ --version >&5
./configure: line 3095: arm-linux-gnueabihf-g++: command not found
configure:3104: $? = 127
configure:3093: arm-linux-gnueabihf-g++ -v >&5
./configure: line 3095: arm-linux-gnueabihf-g++: command not found
configure:3104: $? = 127
configure:3093: arm-linux-gnueabihf-g++ -V >&5
./configure: line 3095: arm-linux-gnueabihf-g++: command not found
configure:3104: $? = 127
configure:3093: arm-linux-gnueabihf-g++ -qversion >&5
./configure: line 3095: arm-linux-gnueabihf-g++: command not found
configure:3104: $? = 127
configure:3124: checking whether the C++ compiler works
configure:3146: arm-linux-gnueabihf-g++ -static   conftest.cpp  >&5
./configure: line 3148: arm-linux-gnueabihf-g++: command not found
configure:3150: $? = 127
configure:3188: result: no
configure: failed program was:
| /* confdefs.h */
| #define PACKAGE_NAME "Iperf"
| #define PACKAGE_TARNAME "iperf"
| #define PACKAGE_VERSION "2.0.5"
| #define PACKAGE_STRING "Iperf 2.0.5"
| #define PACKAGE_BUGREPORT ""
| #define PACKAGE_URL ""
| #define PACKAGE "iperf"
| #define VERSION "2.0.5"
| /* end confdefs.h.  */
| 
| int
| main ()
| {
| 
|   ;
|   return 0;
| }
configure:3193: error: in `/home/snq/rowboat-android/wl18xx-snq/iperf-2.0.5':
configure:3197: error: C++ compiler cannot create executables
See `config.log' for more details.

## ---------------- ##
## Cache variables. ##
## ---------------- ##

ac_cv_env_CCC_set=
ac_cv_env_CCC_value=
ac_cv_env_CC_set=set
ac_cv_env_CC_value=arm-linux-gnueabihf-gcc
ac_cv_env_CFLAGS_set=set
ac_cv_env_CFLAGS_value=-static
ac_cv_env_CPPFLAGS_set=
ac_cv_env_CPPFLAGS_value=
ac_cv_env_CPP_set=
ac_cv_env_CPP_value=
ac_cv_env_CXXFLAGS_set=set
ac_cv_env_CXXFLAGS_value=-static
ac_cv_env_CXX_set=set
ac_cv_env_CXX_value=arm-linux-gnueabihf-g++
ac_cv_env_LDFLAGS_set=
ac_cv_env_LDFLAGS_value=
ac_cv_env_LIBS_set=
ac_cv_env_LIBS_value=
ac_cv_env_build_alias_set=
ac_cv_env_build_alias_value=
ac_cv_env_host_alias_set=set
ac_cv_env_host_alias_value=arm-linux-gnueabihf
ac_cv_env_target_alias_set=
ac_cv_env_target_alias_value=
ac_cv_path_install='/usr/bin/install -c'
ac_cv_prog_AWK=gawk
ac_cv_prog_ac_ct_STRIP=strip
ac_cv_prog_make_make_set=yes

## ----------------- ##
## Output variables. ##
## ----------------- ##

ACLOCAL='${SHELL} /home/snq/rowboat-android/wl18xx-snq/iperf-2.0.5/missing --run aclocal-1.9'
AMDEPBACKSLASH=''
AMDEP_FALSE=''
AMDEP_TRUE=''
AMTAR='${SHELL} /home/snq/rowboat-android/wl18xx-snq/iperf-2.0.5/missing --run tar'
AUTOCONF='${SHELL} /home/snq/rowboat-android/wl18xx-snq/iperf-2.0.5/missing --run autoconf'
AUTOHEADER='${SHELL} /home/snq/rowboat-android/wl18xx-snq/iperf-2.0.5/missing --run autoheader'
AUTOMAKE='${SHELL} /home/snq/rowboat-android/wl18xx-snq/iperf-2.0.5/missing --run automake-1.9'
AWK='gawk'
CC='arm-linux-gnueabihf-gcc'
CCDEPMODE=''
CFLAGS='-static'
CPP=''
CPPFLAGS=''
CXX='arm-linux-gnueabihf-g++'
CXXDEPMODE=''
CXXFLAGS='-static'
CYGPATH_W='echo'
DEFS=''
DEPDIR=''
ECHO_C=''
ECHO_N='-n'
ECHO_T=''
EGREP=''
EXEEXT=''
GREP=''
INSTALL_DATA='${INSTALL} -m 644'
INSTALL_PROGRAM='${INSTALL}'
INSTALL_SCRIPT='${INSTALL}'
INSTALL_STRIP_PROGRAM='${SHELL} $(install_sh) -c -s'
LDFLAGS=''
LIBOBJS=''
LIBS=''
LTLIBOBJS=''
MAKEINFO='${SHELL} /home/snq/rowboat-android/wl18xx-snq/iperf-2.0.5/missing --run makeinfo'
OBJEXT=''
PACKAGE='iperf'
PACKAGE_BUGREPORT=''
PACKAGE_NAME='Iperf'
PACKAGE_STRING='Iperf 2.0.5'
PACKAGE_TARNAME='iperf'
PACKAGE_URL=''
PACKAGE_VERSION='2.0.5'
PATH_SEPARATOR=':'
PTHREAD_CC=''
PTHREAD_CFLAGS=''
PTHREAD_LIBS=''
RANLIB=''
SET_MAKE=''
SHELL='/bin/bash'
STRIP='strip'
STRIP_BEGIN=''
STRIP_DUMMY=''
STRIP_END=''
VERSION='2.0.5'
WEB100_CFLAGS=''
WEB100_CONFIG=''
WEB100_LIBS=''
ac_ct_CC=''
ac_ct_CXX=''
acx_pthread_config=''
am__fastdepCC_FALSE=''
am__fastdepCC_TRUE=''
am__fastdepCXX_FALSE=''
am__fastdepCXX_TRUE=''
am__include=''
am__leading_dot='.'
am__quote=''
am__tar='${AMTAR} chof - "$$tardir"'
am__untar='${AMTAR} xf -'
bindir='${exec_prefix}/bin'
build=''
build_alias=''
build_cpu=''
build_os=''
build_vendor=''
datadir='${datarootdir}'
datarootdir='${prefix}/share'
docdir='${datarootdir}/doc/${PACKAGE_TARNAME}'
dvidir='${docdir}'
exec_prefix='NONE'
host='arm-linux-gnueabihf'
host_alias='arm-linux-gnueabihf'
host_cpu=''
host_os=''
host_vendor=''
htmldir='${docdir}'
includedir='${prefix}/include'
infodir='${datarootdir}/info'
install_sh='/home/snq/rowboat-android/wl18xx-snq/iperf-2.0.5/install-sh'
libdir='${exec_prefix}/lib'
libexecdir='${exec_prefix}/libexec'
localedir='${datarootdir}/locale'
localstatedir='${prefix}/var'
mandir='${datarootdir}/man'
mkdir_p='mkdir -p --'
oldincludedir='/usr/include'
pdfdir='${docdir}'
prefix='NONE'
program_transform_name='s,x,x,'
psdir='${docdir}'
sbindir='${exec_prefix}/sbin'
sharedstatedir='${prefix}/com'
sysconfdir='${prefix}/etc'
target_alias=''

## ----------- ##
## confdefs.h. ##
## ----------- ##

/* confdefs.h */
#define PACKAGE_NAME "Iperf"
#define PACKAGE_TARNAME "iperf"
#define PACKAGE_VERSION "2.0.5"
#define PACKAGE_STRING "Iperf 2.0.5"
#define PACKAGE_BUGREPORT ""
#define PACKAGE_URL ""
#define PACKAGE "iperf"
#define VERSION "2.0.5"

configure: exit 77
